<?xml version="1.0" encoding="UTF-8"?>
<testsuite xmlns:xsi="http://www.w3.org/2001/XMLSchema-instance" xsi:noNamespaceSchemaLocation="https://maven.apache.org/surefire/maven-surefire-plugin/xsd/surefire-test-report.xsd" name="com.blubank.doctorappointment.WebMockTest" time="0.906" tests="1" errors="1" skipped="0" failures="0">
  <properties>
[...]
</properties>
  <testcase name="addDoctorSlot" classname="com.blubank.doctorappointment.WebMockTest" time="0.076">
    <error message="Java 8 date/time type `java.time.LocalDateTime` not supported by default: add Module &quot;com.fasterxml.jackson.datatype:jackson-datatype-jsr310&quot; to enable handling (through reference chain: com.blubank.doctorappointment.dto.TimeSlotRequest[&quot;start&quot;])" type="com.fasterxml.jackson.databind.exc.InvalidDefinitionException">com.fasterxml.jackson.databind.exc.InvalidDefinitionException: Java 8 date/time type `java.time.LocalDateTime` not supported by default: add Module "com.fasterxml.jackson.datatype:jackson-datatype-jsr310" to enable handling (through reference chain: com.blubank.doctorappointment.dto.TimeSlotRequest["start"])
	at com.blubank.doctorappointment.WebMockTest.addDoctorSlot(WebMockTest.java:64)
</error>
    <system-out><![CDATA[2024-09-25 20:52:55.352  INFO 25168 --- [           main] .b.t.a.w.s.WebMvcTestContextBootstrapper : Neither @ContextConfiguration nor @ContextHierarchy found for test class [com.blubank.doctorappointment.WebMockTest], using SpringBootContextLoader
2024-09-25 20:52:55.353  INFO 25168 --- [           main] o.s.t.c.support.AbstractContextLoader    : Could not detect default resource locations for test class [com.blubank.doctorappointment.WebMockTest]: no resource found for suffixes {-context.xml, Context.groovy}.
2024-09-25 20:52:55.353  INFO 25168 --- [           main] t.c.s.AnnotationConfigContextLoaderUtils : Could not detect default configuration classes for test class [com.blubank.doctorappointment.WebMockTest]: WebMockTest does not declare any static, non-private, non-final, nested classes annotated with @Configuration.
2024-09-25 20:52:55.373  INFO 25168 --- [           main] .b.t.c.SpringBootTestContextBootstrapper : Found @SpringBootConfiguration com.blubank.doctorappointment.DoctorAppointmentApplication for test class com.blubank.doctorappointment.WebMockTest
2024-09-25 20:52:55.374  INFO 25168 --- [           main] .b.t.a.w.s.WebMvcTestContextBootstrapper : Loaded default TestExecutionListener class names from location [META-INF/spring.factories]: [org.springframework.boot.test.mock.mockito.MockitoTestExecutionListener, org.springframework.boot.test.mock.mockito.ResetMocksTestExecutionListener, org.springframework.boot.test.autoconfigure.restdocs.RestDocsTestExecutionListener, org.springframework.boot.test.autoconfigure.web.client.MockRestServiceServerResetTestExecutionListener, org.springframework.boot.test.autoconfigure.web.servlet.MockMvcPrintOnlyOnFailureTestExecutionListener, org.springframework.boot.test.autoconfigure.web.servlet.WebDriverTestExecutionListener, org.springframework.boot.test.autoconfigure.webservices.client.MockWebServiceServerTestExecutionListener, org.springframework.test.context.web.ServletTestExecutionListener, org.springframework.test.context.support.DirtiesContextBeforeModesTestExecutionListener, org.springframework.test.context.event.ApplicationEventsTestExecutionListener, org.springframework.test.context.support.DependencyInjectionTestExecutionListener, org.springframework.test.context.support.DirtiesContextTestExecutionListener, org.springframework.test.context.transaction.TransactionalTestExecutionListener, org.springframework.test.context.jdbc.SqlScriptsTestExecutionListener, org.springframework.test.context.event.EventPublishingTestExecutionListener, org.springframework.security.test.context.support.WithSecurityContextTestExecutionListener, org.springframework.security.test.context.support.ReactorContextTestExecutionListener]
2024-09-25 20:52:55.374  INFO 25168 --- [           main] .b.t.a.w.s.WebMvcTestContextBootstrapper : Using TestExecutionListeners: [org.springframework.test.context.web.ServletTestExecutionListener@5ad59bed, org.springframework.test.context.support.DirtiesContextBeforeModesTestExecutionListener@51a94f7f, org.springframework.test.context.event.ApplicationEventsTestExecutionListener@5028cec0, org.springframework.boot.test.mock.mockito.MockitoTestExecutionListener@3a8c7347, org.springframework.boot.test.autoconfigure.SpringBootDependencyInjectionTestExecutionListener@4cf08d08, org.springframework.test.context.support.DirtiesContextTestExecutionListener@5739e15e, org.springframework.test.context.transaction.TransactionalTestExecutionListener@41f17bb7, org.springframework.test.context.jdbc.SqlScriptsTestExecutionListener@18be3e85, org.springframework.test.context.event.EventPublishingTestExecutionListener@50ee7857, org.springframework.security.test.context.support.WithSecurityContextTestExecutionListener@48455005, org.springframework.security.test.context.support.ReactorContextTestExecutionListener@223a679, org.springframework.boot.test.mock.mockito.ResetMocksTestExecutionListener@6b00eaae, org.springframework.boot.test.autoconfigure.restdocs.RestDocsTestExecutionListener@480f1b59, org.springframework.boot.test.autoconfigure.web.client.MockRestServiceServerResetTestExecutionListener@2a28bf25, org.springframework.boot.test.autoconfigure.web.servlet.MockMvcPrintOnlyOnFailureTestExecutionListener@35a7c477, org.springframework.boot.test.autoconfigure.web.servlet.WebDriverTestExecutionListener@591e1df7, org.springframework.boot.test.autoconfigure.webservices.client.MockWebServiceServerTestExecutionListener@697b105e]

  .   ____          _            __ _ _
 /\\ / ___'_ __ _ _(_)_ __  __ _ \ \ \ \
( ( )\___ | '_ | '_| | '_ \/ _` | \ \ \ \
 \\/  ___)| |_)| | | | | || (_| |  ) ) ) )
  '  |____| .__|_| |_|_| |_\__, | / / / /
 =========|_|==============|___/=/_/_/_/
 :: Spring Boot ::                (v2.7.0)

2024-09-25 20:52:55.391  INFO 25168 --- [           main] c.blubank.doctorappointment.WebMockTest  : Starting WebMockTest using Java 11.0.2 on Navid with PID 25168 (started by navid in G:\Interview sample code\doctor-appointment)
2024-09-25 20:52:55.392  INFO 25168 --- [           main] c.blubank.doctorappointment.WebMockTest  : No active profile set, falling back to 1 default profile: "default"
2024-09-25 20:52:55.962  WARN 25168 --- [           main] ion$DefaultTemplateResolverConfiguration : Cannot find template location: classpath:/templates/ (please add some templates or check your Thymeleaf configuration)
2024-09-25 20:52:56.003  WARN 25168 --- [           main] .s.s.UserDetailsServiceAutoConfiguration : 

Using generated security password: 21da2f6b-ee82-48d4-9cd7-92d29c715684

This generated password is for development use only. Your security configuration must be updated before running your application in production.

2024-09-25 20:52:56.066  INFO 25168 --- [           main] o.s.s.web.DefaultSecurityFilterChain     : Will secure any request with [org.springframework.security.web.session.DisableEncodeUrlFilter@1f6881af, org.springframework.security.web.context.request.async.WebAsyncManagerIntegrationFilter@71ef979e, org.springframework.security.web.context.SecurityContextPersistenceFilter@1045fe3b, org.springframework.security.web.header.HeaderWriterFilter@1ebe17c9, org.springframework.security.web.csrf.CsrfFilter@399b9537, org.springframework.security.web.authentication.logout.LogoutFilter@2706cee5, org.springframework.security.web.authentication.UsernamePasswordAuthenticationFilter@38cbc9a7, org.springframework.security.web.authentication.ui.DefaultLoginPageGeneratingFilter@11eafb54, org.springframework.security.web.authentication.ui.DefaultLogoutPageGeneratingFilter@2f33a2e3, org.springframework.security.web.authentication.www.BasicAuthenticationFilter@1189f179, org.springframework.security.web.savedrequest.RequestCacheAwareFilter@23a24fea, org.springframework.security.web.servletapi.SecurityContextHolderAwareRequestFilter@4d4c0408, org.springframework.security.web.authentication.AnonymousAuthenticationFilter@473c1e53, org.springframework.security.web.session.SessionManagementFilter@16594479, org.springframework.security.web.access.ExceptionTranslationFilter@7be907ae, org.springframework.security.web.access.intercept.FilterSecurityInterceptor@d76a6bd]
2024-09-25 20:52:56.137  INFO 25168 --- [           main] o.s.b.t.m.w.SpringBootMockServletContext : Initializing Spring TestDispatcherServlet ''
2024-09-25 20:52:56.137  INFO 25168 --- [           main] o.s.t.web.servlet.TestDispatcherServlet  : Initializing Servlet ''
2024-09-25 20:52:56.138  INFO 25168 --- [           main] o.s.t.web.servlet.TestDispatcherServlet  : Completed initialization in 1 ms
2024-09-25 20:52:56.186  INFO 25168 --- [           main] c.blubank.doctorappointment.WebMockTest  : Started WebMockTest in 0.809 seconds (JVM running for 14.646)
]]></system-out>
  </testcase>
</testsuite>